0 info it worked if it ends with ok
1 verbose cli [ '/usr/bin/nodejs', '/usr/bin/npm', 'start' ]
2 info using npm@3.5.2
3 info using node@v4.2.6
4 verbose run-script [ 'prestart', 'start', 'poststart' ]
5 info lifecycle fast-image-viewer@0.0.1~prestart: fast-image-viewer@0.0.1
6 silly lifecycle fast-image-viewer@0.0.1~prestart: no script for prestart, continuing
7 info lifecycle fast-image-viewer@0.0.1~start: fast-image-viewer@0.0.1
8 verbose lifecycle fast-image-viewer@0.0.1~start: unsafe-perm in lifecycle true
9 verbose lifecycle fast-image-viewer@0.0.1~start: PATH: /usr/share/npm/bin/node-gyp-bin:/home/santi/Documentos/Projects/javascript/fast-svg-viewer/node_modules/.bin:/home/santi/bin:/home/santi/.local/bin:/home/santi/bin:/home/santi/.local/bin:/usr/local/sbin:/usr/local/bin:/usr/sbin:/usr/bin:/sbin:/bin:/usr/games:/usr/local/games:/snap/bin:/opt/node/bin:/opt/node/lib/node_modules/npm/bin:~/Documentos/Projects/bash:/opt/gradle/gradle-3.5/bin:/home/santi/Android/tools:/home/santi/Android/platform-tools:/snap/bin:/opt/node/bin:/opt/node/lib/node_modules/npm/bin:~/Documentos/Projects/bash:/opt/gradle/gradle-3.5/bin:/home/santi/Android/tools:/home/santi/Android/platform-tools
10 verbose lifecycle fast-image-viewer@0.0.1~start: CWD: /home/santi/Documentos/Projects/javascript/fast-svg-viewer
11 silly lifecycle fast-image-viewer@0.0.1~start: Args: [ '-c', 'webpack-dev-server' ]
12 silly lifecycle fast-image-viewer@0.0.1~start: Returned: code: 1  signal: null
13 info lifecycle fast-image-viewer@0.0.1~start: Failed to exec start script
14 verbose stack Error: fast-image-viewer@0.0.1 start: `webpack-dev-server`
14 verbose stack Exit status 1
14 verbose stack     at EventEmitter.<anonymous> (/usr/share/npm/lib/utils/lifecycle.js:232:16)
14 verbose stack     at emitTwo (events.js:87:13)
14 verbose stack     at EventEmitter.emit (events.js:172:7)
14 verbose stack     at ChildProcess.<anonymous> (/usr/share/npm/lib/utils/spawn.js:24:14)
14 verbose stack     at emitTwo (events.js:87:13)
14 verbose stack     at ChildProcess.emit (events.js:172:7)
14 verbose stack     at maybeClose (internal/child_process.js:821:16)
14 verbose stack     at Process.ChildProcess._handle.onexit (internal/child_process.js:211:5)
15 verbose pkgid fast-image-viewer@0.0.1
16 verbose cwd /home/santi/Documentos/Projects/javascript/fast-svg-viewer
17 error Linux 4.4.0-104-generic
18 error argv "/usr/bin/nodejs" "/usr/bin/npm" "start"
19 error node v4.2.6
20 error npm  v3.5.2
21 error code ELIFECYCLE
22 error fast-image-viewer@0.0.1 start: `webpack-dev-server`
22 error Exit status 1
23 error Failed at the fast-image-viewer@0.0.1 start script 'webpack-dev-server'.
23 error Make sure you have the latest version of node.js and npm installed.
23 error If you do, this is most likely a problem with the fast-image-viewer package,
23 error not with npm itself.
23 error Tell the author that this fails on your system:
23 error     webpack-dev-server
23 error You can get information on how to open an issue for this project with:
23 error     npm bugs fast-image-viewer
23 error Or if that isn't available, you can get their info via:
23 error     npm owner ls fast-image-viewer
23 error There is likely additional logging output above.
24 verbose exit [ 1, true ]
